::1 - - [07/Feb/2018:03:26:32 +0000] "GET / HTTP/1.1" 200 3687 "-" "Mozilla/5.0 (Windows NT 10.0; Win64; x64) AppleWebKit/537.36 (KHTML, like Gecko) Chrome/64.0.3282.140 Safari/537.36"
::1 - - [07/Feb/2018:03:26:32 +0000] "GET /javascripts/app.config.json HTTP/1.1" 404 166 "http://localhost:4500/" "Mozilla/5.0 (Windows NT 10.0; Win64; x64) AppleWebKit/537.36 (KHTML, like Gecko) Chrome/64.0.3282.140 Safari/537.36"
::1 - - [07/Feb/2018:03:26:32 +0000] "GET /javascripts/app.config.json HTTP/1.1" 404 166 "http://localhost:4500/" "Mozilla/5.0 (Windows NT 10.0; Win64; x64) AppleWebKit/537.36 (KHTML, like Gecko) Chrome/64.0.3282.140 Safari/537.36"
::1 - - [07/Feb/2018:03:29:19 +0000] "GET / HTTP/1.1" 200 3687 "-" "Mozilla/5.0 (Windows NT 10.0; Win64; x64) AppleWebKit/537.36 (KHTML, like Gecko) Chrome/64.0.3282.140 Safari/537.36"
::1 - - [07/Feb/2018:03:29:19 +0000] "GET /javascripts/app.config.json HTTP/1.1" 404 166 "http://localhost:4500/" "Mozilla/5.0 (Windows NT 10.0; Win64; x64) AppleWebKit/537.36 (KHTML, like Gecko) Chrome/64.0.3282.140 Safari/537.36"
::1 - - [07/Feb/2018:03:29:23 +0000] "GET /javascripts/app.config.json HTTP/1.1" 404 166 "http://localhost:4500/" "Mozilla/5.0 (Windows NT 10.0; Win64; x64) AppleWebKit/537.36 (KHTML, like Gecko) Chrome/64.0.3282.140 Safari/537.36"
::1 - - [07/Feb/2018:03:29:23 +0000] "GET /favicon.ico HTTP/1.1" 404 150 "http://localhost:4500/" "Mozilla/5.0 (Windows NT 10.0; Win64; x64) AppleWebKit/537.36 (KHTML, like Gecko) Chrome/64.0.3282.140 Safari/537.36"
::1 - - [07/Feb/2018:03:29:53 +0000] "GET / HTTP/1.1" 304 - "-" "Mozilla/5.0 (Windows NT 10.0; Win64; x64) AppleWebKit/537.36 (KHTML, like Gecko) Chrome/64.0.3282.140 Safari/537.36"
::1 - - [07/Feb/2018:03:29:53 +0000] "GET /javascripts/app.config.json HTTP/1.1" 404 166 "http://localhost:4500/" "Mozilla/5.0 (Windows NT 10.0; Win64; x64) AppleWebKit/537.36 (KHTML, like Gecko) Chrome/64.0.3282.140 Safari/537.36"
::1 - - [07/Feb/2018:03:29:53 +0000] "GET /javascripts/app.config.json HTTP/1.1" 404 166 "http://localhost:4500/" "Mozilla/5.0 (Windows NT 10.0; Win64; x64) AppleWebKit/537.36 (KHTML, like Gecko) Chrome/64.0.3282.140 Safari/537.36"
::1 - - [07/Feb/2018:03:29:53 +0000] "GET /javascripts/pnotify.mobile.js.map HTTP/1.1" 404 172 "-" "Mozilla/5.0 (Windows NT 10.0; Win64; x64) AppleWebKit/537.36 (KHTML, like Gecko) Chrome/64.0.3282.140 Safari/537.36"
::1 - - [07/Feb/2018:03:30:17 +0000] "GET / HTTP/1.1" 200 3696 "-" "Mozilla/5.0 (Windows NT 10.0; Win64; x64) AppleWebKit/537.36 (KHTML, like Gecko) Chrome/64.0.3282.140 Safari/537.36"
::1 - - [07/Feb/2018:03:30:17 +0000] "GET /javascripts/pnotify.mobile.js.map HTTP/1.1" 404 172 "-" "Mozilla/5.0 (Windows NT 10.0; Win64; x64) AppleWebKit/537.36 (KHTML, like Gecko) Chrome/64.0.3282.140 Safari/537.36"
::1 - - [07/Feb/2018:03:31:14 +0000] "GET / HTTP/1.1" 200 3697 "-" "Mozilla/5.0 (Windows NT 10.0; Win64; x64) AppleWebKit/537.36 (KHTML, like Gecko) Chrome/64.0.3282.140 Safari/537.36"
::1 - - [07/Feb/2018:03:31:15 +0000] "GET /javascripts/pnotify.mobile.js.map HTTP/1.1" 404 172 "-" "Mozilla/5.0 (Windows NT 10.0; Win64; x64) AppleWebKit/537.36 (KHTML, like Gecko) Chrome/64.0.3282.140 Safari/537.36"
::1 - - [07/Feb/2018:03:32:51 +0000] "GET / HTTP/1.1" 200 3790 "-" "Mozilla/5.0 (Windows NT 10.0; Win64; x64) AppleWebKit/537.36 (KHTML, like Gecko) Chrome/64.0.3282.140 Safari/537.36"
::1 - - [07/Feb/2018:03:32:52 +0000] "GET /javascripts/pnotify.mobile.js.map HTTP/1.1" 404 172 "-" "Mozilla/5.0 (Windows NT 10.0; Win64; x64) AppleWebKit/537.36 (KHTML, like Gecko) Chrome/64.0.3282.140 Safari/537.36"
::1 - - [07/Feb/2018:03:34:54 +0000] "GET / HTTP/1.1" 200 3729 "-" "Mozilla/5.0 (Windows NT 10.0; Win64; x64) AppleWebKit/537.36 (KHTML, like Gecko) Chrome/64.0.3282.140 Safari/537.36"
::1 - - [07/Feb/2018:03:34:54 +0000] "GET /javascripts/pnotify.mobile.js.map HTTP/1.1" 404 172 "-" "Mozilla/5.0 (Windows NT 10.0; Win64; x64) AppleWebKit/537.36 (KHTML, like Gecko) Chrome/64.0.3282.140 Safari/537.36"
::1 - - [07/Feb/2018:03:52:50 +0000] "GET / HTTP/1.1" 200 3720 "-" "Mozilla/5.0 (Windows NT 10.0; Win64; x64) AppleWebKit/537.36 (KHTML, like Gecko) Chrome/64.0.3282.140 Safari/537.36"
::1 - - [07/Feb/2018:03:52:52 +0000] "GET /javascripts/pnotify.mobile.js.map HTTP/1.1" 404 172 "-" "Mozilla/5.0 (Windows NT 10.0; Win64; x64) AppleWebKit/537.36 (KHTML, like Gecko) Chrome/64.0.3282.140 Safari/537.36"
::1 - - [07/Feb/2018:03:54:56 +0000] "GET / HTTP/1.1" 200 3720 "-" "Mozilla/5.0 (Windows NT 10.0; Win64; x64) AppleWebKit/537.36 (KHTML, like Gecko) Chrome/64.0.3282.140 Safari/537.36"
::1 - - [07/Feb/2018:03:54:57 +0000] "GET /javascripts/pnotify.mobile.js.map HTTP/1.1" 404 172 "-" "Mozilla/5.0 (Windows NT 10.0; Win64; x64) AppleWebKit/537.36 (KHTML, like Gecko) Chrome/64.0.3282.140 Safari/537.36"
::1 - - [07/Feb/2018:03:56:37 +0000] "GET / HTTP/1.1" 200 3720 "-" "Mozilla/5.0 (Windows NT 10.0; Win64; x64) AppleWebKit/537.36 (KHTML, like Gecko) Chrome/64.0.3282.140 Safari/537.36"
::1 - - [07/Feb/2018:03:56:37 +0000] "GET /javascripts/pnotify.mobile.js.map HTTP/1.1" 404 172 "-" "Mozilla/5.0 (Windows NT 10.0; Win64; x64) AppleWebKit/537.36 (KHTML, like Gecko) Chrome/64.0.3282.140 Safari/537.36"
::1 - - [07/Feb/2018:03:56:59 +0000] "GET /admin/dashboard HTTP/1.1" 404 154 "http://localhost:4500/" "Mozilla/5.0 (Windows NT 10.0; Win64; x64) AppleWebKit/537.36 (KHTML, like Gecko) Chrome/64.0.3282.140 Safari/537.36"
::1 - - [07/Feb/2018:04:00:55 +0000] "GET /admin/dashboard HTTP/1.1" 404 154 "http://localhost:4500/" "Mozilla/5.0 (Windows NT 10.0; Win64; x64) AppleWebKit/537.36 (KHTML, like Gecko) Chrome/64.0.3282.140 Safari/537.36"
::1 - - [07/Feb/2018:04:01:05 +0000] "GET /admin/dashboard HTTP/1.1" 200 24 "http://localhost:4500/" "Mozilla/5.0 (Windows NT 10.0; Win64; x64) AppleWebKit/537.36 (KHTML, like Gecko) Chrome/64.0.3282.140 Safari/537.36"
::1 - - [07/Feb/2018:04:02:21 +0000] "GET /admin/dashboard HTTP/1.1" 304 - "-" "Mozilla/5.0 (Windows NT 10.0; Win64; x64) AppleWebKit/537.36 (KHTML, like Gecko) Chrome/64.0.3282.140 Safari/537.36"
::1 - - [07/Feb/2018:04:02:25 +0000] "GET / HTTP/1.1" 304 - "-" "Mozilla/5.0 (Windows NT 10.0; Win64; x64) AppleWebKit/537.36 (KHTML, like Gecko) Chrome/64.0.3282.140 Safari/537.36"
::1 - - [07/Feb/2018:04:02:25 +0000] "GET /javascripts/pnotify.mobile.js.map HTTP/1.1" 404 172 "-" "Mozilla/5.0 (Windows NT 10.0; Win64; x64) AppleWebKit/537.36 (KHTML, like Gecko) Chrome/64.0.3282.140 Safari/537.36"
::1 - - [07/Feb/2018:04:02:33 +0000] "GET /admin/dashboard HTTP/1.1" 304 - "http://localhost:4500/" "Mozilla/5.0 (Windows NT 10.0; Win64; x64) AppleWebKit/537.36 (KHTML, like Gecko) Chrome/64.0.3282.140 Safari/537.36"
::1 - - [07/Feb/2018:04:02:37 +0000] "GET / HTTP/1.1" 304 - "-" "Mozilla/5.0 (Windows NT 10.0; Win64; x64) AppleWebKit/537.36 (KHTML, like Gecko) Chrome/64.0.3282.140 Safari/537.36"
::1 - - [07/Feb/2018:04:02:42 +0000] "GET /admin/dashboard HTTP/1.1" 304 - "http://localhost:4500/" "Mozilla/5.0 (Windows NT 10.0; Win64; x64) AppleWebKit/537.36 (KHTML, like Gecko) Chrome/64.0.3282.140 Safari/537.36"
